INFO: Found elm at /Users/paul/.asdf/shims/elm
INFO: Found elm 0.19.0
INFO: Found elm-format at /Users/paul/.asdf/shims/elm-format
INFO: Found elm-format 0.8.1
INFO: Cleaning ./elm-stuff before upgrading
INFO: Converting elm-package.json -> elm.json
INFO: Detected an application project (this project has no exposed modules)
INFO: Installing latest version of elm-community/string-extra
INFO: Switching from elm-lang/core (deprecated) to elm/core
INFO: Installing latest version of elm/core
INFO: Detected use of elm-lang/core#Json.Decode; installing elm/json
INFO: Switching from elm-lang/html (deprecated) to elm/html
INFO: Installing latest version of elm/html
INFO: Switching from elm-lang/navigation (deprecated) to elm/browser
INFO: Installing latest version of elm/browser
INFO: Switching from elm-lang/navigation (deprecated) to elm/url
INFO: Installing latest version of elm/url
INFO: Switching from elm-lang/svg (deprecated) to elm/svg
INFO: Installing latest version of elm/svg
INFO: Switching from evancz/url-parser (deprecated) to elm/url
INFO: Installing latest version of elm/url
INFO: Upgrading *.elm files in src/


SUCCESS! Your project's dependencies and code have been upgraded.
However, your project may not yet compile due to API changes in your
dependencies.

See <https://github.com/elm/compiler/blob/master/upgrade-docs/0.19.md>
and the documentation for your dependencies for more information.

Here are some common upgrade steps that you will need to do manually:

- elm/browser
  - [ ] Change code using Navigation.program* to use Browser.application
  - [ ] Use the Browser.Key passed to your init function in any calls to Browser.Navigation.pushUrl/replaceUrl/back/forward

